2025-09-02 12:43:35,604 [INFO] Activator:176 - 


2025-09-02 12:43:35,611 [INFO] Activator:177 - !SESSION log4j initialized
2025-09-02 12:43:42,397 [INFO] LogOutputStream:77 - [STDOUT_REDIRECT] 
2025-09-02 12:43:43,028 [ERROR] ConfigurationRetriever:142 - IOException on connection: sw-center.st.com
2025-09-02 12:43:43,029 [ERROR] ConfigurationRetriever:142 - IOException on connection: sw-center.st.com
2025-09-02 12:43:43,030 [ERROR] ConfigurationRetriever:142 - IOException on connection: sw-center.st.com
2025-09-02 12:43:44,678 [INFO] ApplicationProperties:184 - Using Application install path: C:\ST\STM32CubeIDE_1.19.0\STM32CubeIDE\plugins\com.st.stm32cube.common.mx_6.15.0.202507011659
2025-09-02 12:43:44,699 [INFO] DbMcusXml:78 - Set database path to: C:\ST\STM32CubeIDE_1.19.0\STM32CubeIDE\plugins\com.st.stm32cube.common.mx_6.15.0.202507011659\\db\/mcu/
2025-09-02 12:43:44,699 [INFO] ApiDb:274 - Set plugin database path to: C:\ST\STM32CubeIDE_1.19.0\STM32CubeIDE\plugins\com.st.stm32cube.common.mx_6.15.0.202507011659\\db\/plugins/boardmanager/
2025-09-02 12:43:44,699 [WARN] ApiDb:259 - Overriding images path with different value:  => C:\ST\STM32CubeIDE_1.19.0\STM32CubeIDE\plugins\com.st.stm32cube.common.mx_6.15.0.202507011659\\db\/plugins/mcufinder/images/
2025-09-02 12:43:44,712 [INFO] ApiDb:250 - Set database path to: C:\Users\sgupt\.stmcufinder\plugins\mcufinder//mcu/
2025-09-02 12:43:44,713 [INFO] DbMcusAds:125 - Set database path to: C:\Users\sgupt\.stmcufinder\plugins\mcufinder//mcu/
2025-09-02 12:43:44,716 [INFO] CrossReferenceDbSqlite:203 - Set database path to: C:\Users\sgupt\.stmcufinder\plugins\mcufinder//mcu/cs/
2025-09-02 12:43:44,830 [INFO] RulesReader:64 - Compatibility file has been processed (317 Rules)
2025-09-02 12:43:45,067 [INFO] DbMcusXml:78 - Set database path to: C:\ST\STM32CubeIDE_1.19.0\STM32CubeIDE\plugins\com.st.stm32cube.common.mx_6.15.0.202507011659\\db\/mcu/
2025-09-02 12:43:45,067 [INFO] ApiDb:274 - Set plugin database path to: C:\ST\STM32CubeIDE_1.19.0\STM32CubeIDE\plugins\com.st.stm32cube.common.mx_6.15.0.202507011659\\db\/plugins/boardmanager/
2025-09-02 12:43:45,067 [INFO] ApiDb:261 - Set plugin images path to: C:\ST\STM32CubeIDE_1.19.0\STM32CubeIDE\plugins\com.st.stm32cube.common.mx_6.15.0.202507011659\\db\/plugins/mcufinder/images/
2025-09-02 12:43:45,068 [WARN] DbFile:41 - Overriding database path with different value: C:\Users\sgupt\.stmcufinder\plugins\mcufinder/ => C:\Users\sgupt\.stmcufinder\plugins\mcufinder
2025-09-02 12:43:45,068 [INFO] ApiDb:250 - Set database path to: C:\Users\sgupt\.stmcufinder\plugins\mcufinder//mcu/
2025-09-02 12:43:45,068 [WARN] DbFile:41 - Overriding database path with different value: C:\Users\sgupt\.stmcufinder\plugins\mcufinder/ => C:\Users\sgupt\.stmcufinder\plugins\mcufinder
2025-09-02 12:43:45,068 [INFO] DbMcusAds:125 - Set database path to: C:\Users\sgupt\.stmcufinder\plugins\mcufinder//mcu/
2025-09-02 12:43:45,068 [WARN] DbFile:41 - Overriding database path with different value: C:\Users\sgupt\.stmcufinder\plugins\mcufinder/ => C:\Users\sgupt\.stmcufinder\plugins\mcufinder
2025-09-02 12:43:45,068 [WARN] DbFile:41 - Overriding database path with different value: C:\Users\sgupt\.stmcufinder\plugins\mcufinder/ => C:\Users\sgupt\.stmcufinder\plugins\mcufinder
2025-09-02 12:43:45,068 [INFO] CrossReferenceDbSqlite:203 - Set database path to: C:\Users\sgupt\.stmcufinder\plugins\mcufinder//mcu/cs/
2025-09-02 12:43:45,222 [INFO] MainPanel:274 - HeapMemory: 268435456
2025-09-02 12:43:45,398 [INFO] DbMcusXml:78 - Set database path to: C:\ST\STM32CubeIDE_1.19.0\STM32CubeIDE\plugins\com.st.stm32cube.common.mx_6.15.0.202507011659\\db\/mcu/
2025-09-02 12:43:45,398 [INFO] ApiDb:274 - Set plugin database path to: C:\ST\STM32CubeIDE_1.19.0\STM32CubeIDE\plugins\com.st.stm32cube.common.mx_6.15.0.202507011659\\db\/plugins/boardmanager/
2025-09-02 12:43:45,398 [INFO] ApiDb:261 - Set plugin images path to: C:\ST\STM32CubeIDE_1.19.0\STM32CubeIDE\plugins\com.st.stm32cube.common.mx_6.15.0.202507011659\\db\/plugins/mcufinder/images/
2025-09-02 12:43:45,399 [WARN] DbFile:41 - Overriding database path with different value: C:\Users\sgupt\.stmcufinder\plugins\mcufinder/ => C:\Users\sgupt\.stmcufinder\plugins\mcufinder
2025-09-02 12:43:45,399 [INFO] ApiDb:250 - Set database path to: C:\Users\sgupt\.stmcufinder\plugins\mcufinder//mcu/
2025-09-02 12:43:45,399 [WARN] DbFile:41 - Overriding database path with different value: C:\Users\sgupt\.stmcufinder\plugins\mcufinder/ => C:\Users\sgupt\.stmcufinder\plugins\mcufinder
2025-09-02 12:43:45,399 [INFO] DbMcusAds:125 - Set database path to: C:\Users\sgupt\.stmcufinder\plugins\mcufinder//mcu/
2025-09-02 12:43:45,399 [WARN] DbFile:41 - Overriding database path with different value: C:\Users\sgupt\.stmcufinder\plugins\mcufinder/ => C:\Users\sgupt\.stmcufinder\plugins\mcufinder
2025-09-02 12:43:45,399 [WARN] DbFile:41 - Overriding database path with different value: C:\Users\sgupt\.stmcufinder\plugins\mcufinder/ => C:\Users\sgupt\.stmcufinder\plugins\mcufinder
2025-09-02 12:43:45,400 [INFO] CrossReferenceDbSqlite:203 - Set database path to: C:\Users\sgupt\.stmcufinder\plugins\mcufinder//mcu/cs/
2025-09-02 12:43:45,433 [INFO] ApplicationProperties:184 - Using Application install path: C:\ST\STM32CubeIDE_1.19.0\STM32CubeIDE\plugins\com.st.stm32cube.common.mx_6.15.0.202507011659
2025-09-02 12:43:45,435 [INFO] PluginManage:196 - Search for loadable plugins [exclusion list=, ]
2025-09-02 12:43:45,437 [INFO] PluginManage:310 - Check plugin analytics
2025-09-02 12:43:45,874 [INFO] AnalyticsPlugin:253 - Accepted Software Licenses: 
2025-09-02 12:43:45,875 [INFO] AnalyticsPlugin:255 - Accepted CMSIS Pack Licenses: 
2025-09-02 12:43:45,875 [INFO] AnalyticsPlugin:257 - Accepted Firmware Licenses: 
2025-09-02 12:43:45,883 [ERROR] ConfigurationRetriever:142 - IOException on connection: sw-center.st.com
2025-09-02 12:43:45,884 [INFO] PluginManage:359 - Loaded plugin analytics (category:tool,tabindex:-1)
2025-09-02 12:43:45,884 [ERROR] ConfigurationRetriever:142 - IOException on connection: sw-center.st.com
2025-09-02 12:43:45,886 [ERROR] ConfigurationRetriever:142 - IOException on connection: sw-center.st.com
2025-09-02 12:43:45,886 [INFO] PluginManage:310 - Check plugin cadmodel
2025-09-02 12:43:45,904 [INFO] CADModel:105 - Init CAD model plugin
2025-09-02 12:43:45,904 [INFO] PluginManage:359 - Loaded plugin cadmodel (category:power,tabindex:5)
2025-09-02 12:43:45,905 [INFO] PluginManage:310 - Check plugin clock
2025-09-02 12:43:45,934 [INFO] PluginManage:359 - Loaded plugin clock (category:base,tabindex:2)
2025-09-02 12:43:45,935 [INFO] PluginManage:310 - Check plugin ddr
2025-09-02 12:43:45,941 [INFO] PluginManage:359 - Loaded plugin ddr (category:tool,tabindex:6)
2025-09-02 12:43:45,942 [INFO] PluginManage:310 - Check plugin filemanager
2025-09-02 12:43:46,209 [INFO] PluginManage:359 - Loaded plugin filemanager (category:base,tabindex:10)
2025-09-02 12:43:46,209 [INFO] PluginManage:310 - Check plugin ipmanager
2025-09-02 12:43:46,225 [INFO] PluginManage:359 - Loaded plugin ipmanager (category:base,tabindex:5)
2025-09-02 12:43:46,225 [INFO] PluginManage:310 - Check plugin lpbam
2025-09-02 12:43:46,238 [INFO] PluginManage:359 - Loaded plugin lpbam (category:base,tabindex:0)
2025-09-02 12:43:46,239 [INFO] PluginManage:310 - Check plugin memorymap
2025-09-02 12:43:46,268 [INFO] PluginManage:359 - Loaded plugin memorymap (category:base,tabindex:4)
2025-09-02 12:43:46,268 [INFO] PluginManage:310 - Check plugin pinoutandconfiguration
2025-09-02 12:43:46,285 [INFO] PluginManage:359 - Loaded plugin pinoutandconfiguration (category:base,tabindex:1)
2025-09-02 12:43:46,286 [INFO] PluginManage:310 - Check plugin pinoutconfig
2025-09-02 12:43:46,452 [WARN] SupportedApi:132 - Cannot load RTOS API schema: s4s-elt-must-match.1: The content of 'definitions' must match (annotation?, (simpleType | complexType)?, (unique | key | keyref)*)). A problem was found starting at: attribute.
2025-09-02 12:43:46,667 [INFO] PluginManage:359 - Loaded plugin pinoutconfig (category:base,tabindex:0)
2025-09-02 12:43:46,668 [INFO] PluginManage:310 - Check plugin power
2025-09-02 12:43:46,687 [INFO] PluginManage:359 - Loaded plugin power (category:power,tabindex:4)
2025-09-02 12:43:46,687 [INFO] PluginManage:310 - Check plugin projectmanager
2025-09-02 12:43:46,721 [INFO] PluginManage:359 - Loaded plugin projectmanager (category:projectmanager,tabindex:4)
2025-09-02 12:43:46,721 [INFO] PluginManage:310 - Check plugin rif
2025-09-02 12:43:46,740 [INFO] PluginManage:359 - Loaded plugin rif (category:base,tabindex:3)
2025-09-02 12:43:46,741 [INFO] PluginManage:310 - Check plugin thirdparty
2025-09-02 12:43:47,059 [WARN] IntegrityCheckThread:84 - waiting for thirdparty lock release [integrity check]
2025-09-02 12:43:47,060 [INFO] PluginManage:359 - Loaded plugin thirdparty (category:base,tabindex:-1)
2025-09-02 12:43:47,060 [INFO] IntegrityCheckThread:86 - entering critical section [integrity check]
2025-09-02 12:43:47,060 [INFO] PluginManage:310 - Check plugin tools
2025-09-02 12:43:47,061 [INFO] ThirdPartyUpdaterWithRetryManager:70 - Updater plugin not ready yet. [1/15]
2025-09-02 12:43:47,070 [INFO] PluginManage:359 - Loaded plugin tools (category:base,tabindex:7)
2025-09-02 12:43:47,071 [INFO] PluginManage:310 - Check plugin tutovideos
2025-09-02 12:43:47,760 [INFO] PluginManage:359 - Loaded plugin tutovideos (category:base,tabindex:-1)
2025-09-02 12:43:47,761 [INFO] PluginManage:310 - Check plugin updater
2025-09-02 12:43:47,821 [INFO] PluginManage:359 - Loaded plugin updater (category:base,tabindex:12)
2025-09-02 12:43:47,822 [INFO] PluginManage:310 - Check plugin userauth
2025-09-02 12:43:47,830 [INFO] UserAuth:118 - Init User Auth plugin
2025-09-02 12:43:47,832 [INFO] PluginManage:359 - Loaded plugin userauth (category:base,tabindex:14)
2025-09-02 12:43:47,834 [INFO] PluginManage:283 - PluginManage : Loaded plugins [18]
2025-09-02 12:43:48,374 [INFO] PinOutPanel:1589 - setPackage(No Configuration,No Configuration)
2025-09-02 12:43:48,620 [INFO] CADModel:165 - CPN selected for project level
2025-09-02 12:43:48,621 [INFO] CADModel:114 - Register for checkConnection events
2025-09-02 12:43:48,652 [INFO] IPUIPlugin:80 - create IPUIPlugin
2025-09-02 12:43:48,652 [INFO] PluginManager:220 - loadIPPluginJar : add adc
2025-09-02 12:43:48,658 [INFO] IPUIPlugin:80 - create IPUIPlugin
2025-09-02 12:43:48,658 [INFO] PluginManager:220 - loadIPPluginJar : add aes
2025-09-02 12:43:48,662 [INFO] IPUIPlugin:80 - create IPUIPlugin
2025-09-02 12:43:48,663 [INFO] PluginManager:220 - loadIPPluginJar : add can
2025-09-02 12:43:48,665 [INFO] IPUIPlugin:80 - create IPUIPlugin
2025-09-02 12:43:48,666 [INFO] PluginManager:220 - loadIPPluginJar : add comp
2025-09-02 12:43:48,671 [INFO] IPUIPlugin:80 - create IPUIPlugin
2025-09-02 12:43:48,671 [INFO] PluginManager:220 - loadIPPluginJar : add cryp
2025-09-02 12:43:48,676 [INFO] IPUIPlugin:80 - create IPUIPlugin
2025-09-02 12:43:48,676 [INFO] PluginManager:220 - loadIPPluginJar : add ddr_ctrl_phy
2025-09-02 12:43:48,680 [INFO] IPUIPlugin:80 - create IPUIPlugin
2025-09-02 12:43:48,680 [INFO] PluginManager:220 - loadIPPluginJar : add dfsdm
2025-09-02 12:43:48,688 [INFO] IPUIPlugin:80 - create IPUIPlugin
2025-09-02 12:43:48,689 [INFO] PluginManager:220 - loadIPPluginJar : add dma
2025-09-02 12:43:48,693 [INFO] IPUIPlugin:80 - create IPUIPlugin
2025-09-02 12:43:48,694 [INFO] PluginManager:220 - loadIPPluginJar : add dma3
2025-09-02 12:43:48,698 [INFO] IPUIPlugin:80 - create IPUIPlugin
2025-09-02 12:43:48,698 [INFO] PluginManager:220 - loadIPPluginJar : add extmemmanager
2025-09-02 12:43:48,702 [INFO] IPUIPlugin:80 - create IPUIPlugin
2025-09-02 12:43:48,702 [INFO] PluginManager:220 - loadIPPluginJar : add fatfs
2025-09-02 12:43:48,708 [INFO] IPUIPlugin:80 - create IPUIPlugin
2025-09-02 12:43:48,709 [INFO] PluginManager:220 - loadIPPluginJar : add fmc
2025-09-02 12:43:48,717 [INFO] IPUIPlugin:80 - create IPUIPlugin
2025-09-02 12:43:48,717 [INFO] PluginManager:220 - loadIPPluginJar : add freertos
2025-09-02 12:43:48,720 [INFO] IPUIPlugin:80 - create IPUIPlugin
2025-09-02 12:43:48,720 [INFO] PluginManager:220 - loadIPPluginJar : add genericplugin
2025-09-02 12:43:48,724 [INFO] IPUIPlugin:80 - create IPUIPlugin
2025-09-02 12:43:48,724 [INFO] PluginManager:220 - loadIPPluginJar : add gfxmmu
2025-09-02 12:43:48,730 [INFO] IPUIPlugin:80 - create IPUIPlugin
2025-09-02 12:43:48,730 [INFO] PluginManager:220 - loadIPPluginJar : add gic
2025-09-02 12:43:48,736 [INFO] IPUIPlugin:80 - create IPUIPlugin
2025-09-02 12:43:48,737 [INFO] PluginManager:220 - loadIPPluginJar : add gpio
2025-09-02 12:43:48,741 [INFO] IPUIPlugin:80 - create IPUIPlugin
2025-09-02 12:43:48,741 [INFO] PluginManager:220 - loadIPPluginJar : add gtzc
2025-09-02 12:43:48,746 [INFO] IPUIPlugin:80 - create IPUIPlugin
2025-09-02 12:43:48,746 [INFO] PluginManager:220 - loadIPPluginJar : add hash
2025-09-02 12:43:48,750 [INFO] IPUIPlugin:80 - create IPUIPlugin
2025-09-02 12:43:48,751 [INFO] PluginManager:220 - loadIPPluginJar : add i2c
2025-09-02 12:43:48,755 [INFO] IPUIPlugin:80 - create IPUIPlugin
2025-09-02 12:43:48,755 [INFO] PluginManager:220 - loadIPPluginJar : add i2s
2025-09-02 12:43:48,760 [INFO] IPUIPlugin:80 - create IPUIPlugin
2025-09-02 12:43:48,760 [INFO] PluginManager:220 - loadIPPluginJar : add i3c
2025-09-02 12:43:48,765 [INFO] IPUIPlugin:80 - create IPUIPlugin
2025-09-02 12:43:48,765 [INFO] PluginManager:220 - loadIPPluginJar : add ipddr
2025-09-02 12:43:48,773 [INFO] IPUIPlugin:80 - create IPUIPlugin
2025-09-02 12:43:48,773 [INFO] PluginManager:220 - loadIPPluginJar : add linkedlist
2025-09-02 12:43:48,777 [INFO] IPUIPlugin:80 - create IPUIPlugin
2025-09-02 12:43:48,778 [INFO] PluginManager:220 - loadIPPluginJar : add lorawan
2025-09-02 12:43:48,781 [INFO] IPUIPlugin:80 - create IPUIPlugin
2025-09-02 12:43:48,782 [INFO] PluginManager:220 - loadIPPluginJar : add ltdc
2025-09-02 12:43:48,790 [INFO] IPUIPlugin:80 - create IPUIPlugin
2025-09-02 12:43:48,791 [INFO] PluginManager:220 - loadIPPluginJar : add mdma
2025-09-02 12:43:48,795 [INFO] IPUIPlugin:80 - create IPUIPlugin
2025-09-02 12:43:48,796 [INFO] PluginManager:220 - loadIPPluginJar : add nvic
2025-09-02 12:43:48,801 [INFO] IPUIPlugin:80 - create IPUIPlugin
2025-09-02 12:43:48,801 [INFO] PluginManager:220 - loadIPPluginJar : add opamp
2025-09-02 12:43:48,807 [INFO] IPUIPlugin:80 - create IPUIPlugin
2025-09-02 12:43:48,807 [INFO] PluginManager:220 - loadIPPluginJar : add openamp
2025-09-02 12:43:48,812 [INFO] IPUIPlugin:80 - create IPUIPlugin
2025-09-02 12:43:48,812 [INFO] PluginManager:220 - loadIPPluginJar : add pdm2pcm
2025-09-02 12:43:48,820 [INFO] IPUIPlugin:80 - create IPUIPlugin
2025-09-02 12:43:48,823 [INFO] PluginManager:220 - loadIPPluginJar : add plateformsettings
2025-09-02 12:43:48,826 [INFO] IPUIPlugin:80 - create IPUIPlugin
2025-09-02 12:43:48,826 [INFO] PluginManager:220 - loadIPPluginJar : add quadspi
2025-09-02 12:43:48,830 [INFO] IPUIPlugin:80 - create IPUIPlugin
2025-09-02 12:43:48,831 [INFO] PluginManager:220 - loadIPPluginJar : add radio
2025-09-02 12:43:48,837 [INFO] IPUIPlugin:80 - create IPUIPlugin
2025-09-02 12:43:48,838 [INFO] PluginManager:220 - loadIPPluginJar : add resmgrutility
2025-09-02 12:43:48,843 [INFO] IPUIPlugin:80 - create IPUIPlugin
2025-09-02 12:43:48,843 [INFO] PluginManager:220 - loadIPPluginJar : add sai
2025-09-02 12:43:48,848 [INFO] IPUIPlugin:80 - create IPUIPlugin
2025-09-02 12:43:48,848 [INFO] PluginManager:220 - loadIPPluginJar : add spi
2025-09-02 12:43:48,857 [INFO] IPUIPlugin:80 - create IPUIPlugin
2025-09-02 12:43:48,857 [INFO] PluginManager:220 - loadIPPluginJar : add stm32_wpan
2025-09-02 12:43:48,860 [INFO] IPUIPlugin:80 - create IPUIPlugin
2025-09-02 12:43:48,860 [INFO] PluginManager:220 - loadIPPluginJar : add tim
2025-09-02 12:43:48,864 [INFO] IPUIPlugin:80 - create IPUIPlugin
2025-09-02 12:43:48,865 [INFO] PluginManager:220 - loadIPPluginJar : add touchsensing
2025-09-02 12:43:48,868 [INFO] IPUIPlugin:80 - create IPUIPlugin
2025-09-02 12:43:48,868 [INFO] PluginManager:220 - loadIPPluginJar : add tracer_emb
2025-09-02 12:43:48,871 [INFO] IPUIPlugin:80 - create IPUIPlugin
2025-09-02 12:43:48,872 [INFO] PluginManager:220 - loadIPPluginJar : add ts
2025-09-02 12:43:48,874 [INFO] IPUIPlugin:80 - create IPUIPlugin
2025-09-02 12:43:48,874 [INFO] PluginManager:220 - loadIPPluginJar : add tsc
2025-09-02 12:43:48,877 [INFO] IPUIPlugin:80 - create IPUIPlugin
2025-09-02 12:43:48,878 [INFO] PluginManager:220 - loadIPPluginJar : add ucpd
2025-09-02 12:43:48,881 [INFO] IPUIPlugin:80 - create IPUIPlugin
2025-09-02 12:43:48,882 [INFO] PluginManager:220 - loadIPPluginJar : add usart
2025-09-02 12:43:48,886 [INFO] IPUIPlugin:80 - create IPUIPlugin
2025-09-02 12:43:48,886 [INFO] PluginManager:220 - loadIPPluginJar : add usbx
2025-09-02 12:43:49,046 [FATAL] Updater:351 - Updater called before beeing initialized
2025-09-02 12:43:49,083 [INFO] RulesReader:64 - Compatibility file has been processed (317 Rules)
2025-09-02 12:43:49,109 [INFO] RulesReader:64 - Compatibility file has been processed (317 Rules)
2025-09-02 12:43:49,128 [INFO] CADModel:165 - CPN selected for project level
2025-09-02 12:43:49,129 [INFO] CADModel:114 - Register for checkConnection events
2025-09-02 12:43:49,129 [FATAL] Updater:351 - Updater called before beeing initialized
2025-09-02 12:43:49,129 [ERROR] CADModel:125 - Updater not yet initialized, retry later 
2025-09-02 12:43:49,456 [FATAL] Updater:351 - Updater called before beeing initialized
2025-09-02 12:43:49,460 [INFO] CADModel:165 - CPN selected for project level
2025-09-02 12:43:49,461 [INFO] CADModel:114 - Register for checkConnection events
2025-09-02 12:43:49,461 [FATAL] Updater:351 - Updater called before beeing initialized
2025-09-02 12:43:49,461 [ERROR] CADModel:125 - Updater not yet initialized, retry later 
2025-09-02 12:43:49,468 [FATAL] Updater:351 - Updater called before beeing initialized
2025-09-02 12:43:49,763 [FATAL] Updater:351 - Updater called before beeing initialized
2025-09-02 12:43:49,769 [INFO] DbMcusAds:53 - JSON generation date=Tue Jul 08 13:44:23 IST 2025 (1751962463582)
2025-09-02 12:43:49,769 [FATAL] Updater:351 - Updater called before beeing initialized
2025-09-02 12:43:49,833 [WARN] DetailPanel:346 - Failed to get advertising image, set to default
2025-09-02 12:43:49,963 [FATAL] Updater:351 - Updater called before beeing initialized
2025-09-02 12:43:49,965 [FATAL] Updater:351 - Updater called before beeing initialized
2025-09-02 12:43:49,965 [FATAL] Updater:351 - Updater called before beeing initialized
2025-09-02 12:43:49,965 [WARN] DetailPanel:346 - Failed to get advertising image, set to default
2025-09-02 12:43:49,966 [FATAL] Updater:351 - Updater called before beeing initialized
2025-09-02 12:43:50,029 [ERROR] Updater:1198 - MainUpdater not yet initialized. External WinMGr cannot be set.
2025-09-02 12:43:50,031 [INFO] Updater:1134 - Updater Version found : 6.15.0
2025-09-02 12:43:50,052 [INFO] ApplicationProperties:184 - Using Application install path: C:\ST\STM32CubeIDE_1.19.0\STM32CubeIDE\plugins\com.st.stm32cube.common.mx_6.15.0.202507011659
2025-09-02 12:43:50,061 [INFO] ThirdPartyUpdaterWithRetryManager:70 - Updater plugin not ready yet. [2/15]
2025-09-02 12:43:51,635 [ERROR] LogOutputStream:75 - [STDERR_REDIRECT] Sep 02, 2025 12:43:51 PM java.util.prefs.WindowsPreferences <init>
2025-09-02 12:43:51,637 [ERROR] LogOutputStream:75 - [STDERR_REDIRECT] WARNING: Could not open/create prefs root node Software\JavaSoft\Prefs at root 0xffffffff80000002. Windows RegCreateKeyEx(...) returned error code 5.
2025-09-02 12:43:51,638 [ERROR] LogOutputStream:75 - [STDERR_REDIRECT] 
2025-09-02 12:43:52,102 [INFO] MainUpdater:2872 - connection check result : 22
2025-09-02 12:43:52,103 [INFO] MainUpdater:289 - Updater Check For Update Now.
2025-09-02 12:43:52,104 [INFO] MicroXplorer:498 - Change Database Version : DB.6.0.150
2025-09-02 12:43:52,125 [INFO] McuFinderGlobals:63 - Set McuFinder mode to 2 (CubeIDE integrated)
2025-09-02 12:43:52,128 [INFO] UserAuth:487 - Internet connection configuration mode: 2
2025-09-02 12:43:52,147 [INFO] UserAuth:487 - Internet connection configuration mode: 2
2025-09-02 12:43:52,356 [INFO] CheckServerUpdateThread:120 - End of CheckServer Thread
2025-09-02 12:43:53,464 [WARN] PackLoader:240 - Cannot read IP mode file for STMicroelectronics.FP-SNS-MOTENVWB1.1.4.0
2025-09-02 12:43:53,473 [WARN] PackLoader:240 - Cannot read IP mode file for STMicroelectronics.FP-ATR-ASTRA1.2.0.2
2025-09-02 12:43:53,482 [WARN] PackLoader:240 - Cannot read IP mode file for STMicroelectronics.X-CUBE-SMBUS.2.1.0
2025-09-02 12:43:53,491 [WARN] PackLoader:240 - Cannot read IP mode file for STMicroelectronics.X-CUBE-ST60.1.0.0
2025-09-02 12:43:53,520 [WARN] PackLoader:240 - Cannot read IP mode file for STMicroelectronics.X-CUBE-AZRTOS-F7.1.1.0
2025-09-02 12:43:53,538 [WARN] PackLoader:240 - Cannot read IP mode file for WES.I-CUBE-Cesium.1.4.0
2025-09-02 12:43:53,568 [WARN] PackLoader:240 - Cannot read IP mode file for Infineon.AIROC-Wi-Fi-Bluetooth-STM32.1.7.1
2025-09-02 12:43:53,595 [WARN] PackLoader:240 - Cannot read IP mode file for STMicroelectronics.X-CUBE-AZRTOS-H7.3.4.0
2025-09-02 12:43:53,609 [WARN] PackLoader:240 - Cannot read IP mode file for STMicroelectronics.X-CUBE-DISPLAY.3.0.0
2025-09-02 12:43:53,625 [WARN] PackLoader:240 - Cannot read IP mode file for STMicroelectronics.X-CUBE-NFC10.1.0.0
2025-09-02 12:43:53,635 [WARN] PackLoader:240 - Cannot read IP mode file for emotas.I-CUBE-CANOPEN.1.3.0
2025-09-02 12:43:53,645 [WARN] PackLoader:240 - Cannot read IP mode file for STMicroelectronics.FP-SNS-STBOX1.2.1.0
2025-09-02 12:43:53,653 [WARN] PackLoader:240 - Cannot read IP mode file for STMicroelectronics.FP-SNS-SMARTAG2.1.2.0
2025-09-02 12:43:53,660 [WARN] PackLoader:240 - Cannot read IP mode file for STMicroelectronics.FP-SNS-FLIGHT1.5.1.0
2025-09-02 12:43:53,672 [INFO] LogOutputStream:77 - [STDOUT_REDIRECT] 1 : Invalid condition id : UX_CORESTACK_Condition cause : null
2025-09-02 12:43:53,674 [INFO] LogOutputStream:77 - [STDOUT_REDIRECT] 1 : Invalid condition id : UX_CORESTACK_Condition cause : null
2025-09-02 12:43:53,675 [INFO] LogOutputStream:77 - [STDOUT_REDIRECT] 1 : Invalid condition id : UX_CORESTACK_Condition cause : null
2025-09-02 12:43:53,676 [INFO] LogOutputStream:77 - [STDOUT_REDIRECT] 1 : Invalid condition id : UX_CORESTACK_Condition cause : null
2025-09-02 12:43:53,678 [INFO] LogOutputStream:77 - [STDOUT_REDIRECT] 1 : Invalid condition id : UX_CORESTACK_Condition cause : null
2025-09-02 12:43:53,680 [WARN] PackLoader:240 - Cannot read IP mode file for STMicroelectronics.X-CUBE-AZRTOS-WL.2.0.0
2025-09-02 12:43:53,689 [WARN] PackLoader:240 - Cannot read IP mode file for STMicroelectronics.FP-SNS-MOTENV1.5.0.0
2025-09-02 12:43:53,698 [WARN] PackLoader:240 - Cannot read IP mode file for STMicroelectronics.X-CUBE-BLE2.3.3.0
2025-09-02 12:43:53,709 [WARN] PackLoader:240 - Cannot read IP mode file for STMicroelectronics.X-CUBE-NFC9.1.0.0
2025-09-02 12:43:53,718 [WARN] PackLoader:240 - Cannot read IP mode file for wolfSSL.I-CUBE-wolfSSL.5.8.2
2025-09-02 12:43:53,725 [WARN] PackLoader:240 - Cannot read IP mode file for STMicroelectronics.X-CUBE-BLE1.7.1.0
2025-09-02 12:43:53,733 [WARN] PackLoader:240 - Cannot read IP mode file for wolfSSL.I-CUBE-wolfMQTT.1.19.2
2025-09-02 12:43:53,742 [WARN] PackLoader:240 - Cannot read IP mode file for STMicroelectronics.X-CUBE-EEPRMA1.5.2.0
2025-09-02 12:43:53,756 [WARN] PackLoader:240 - Cannot read IP mode file for STMicroelectronics.X-CUBE-AZRTOS-G0.1.1.0
2025-09-02 12:43:53,764 [WARN] PackLoader:240 - Cannot read IP mode file for STMicroelectronics.X-CUBE-SAFEA1.1.2.2
2025-09-02 12:43:53,772 [WARN] PackLoader:240 - Cannot read IP mode file for STMicroelectronics.X-CUBE-NFC4.3.0.0
2025-09-02 12:43:53,782 [WARN] PackLoader:240 - Cannot read IP mode file for EmbeddedOffice.I-CUBE-FS-RTOS.1.0.1
2025-09-02 12:43:53,791 [WARN] PackLoader:240 - Cannot read IP mode file for STMicroelectronics.X-CUBE-WB05N.2.0.0
2025-09-02 12:43:53,798 [WARN] PackLoader:240 - Cannot read IP mode file for wolfSSL.I-CUBE-wolfTPM.3.8.0
2025-09-02 12:43:53,806 [WARN] PackLoader:240 - Cannot read IP mode file for STMicroelectronics.X-CUBE-TCPP.4.2.0
2025-09-02 12:43:53,813 [WARN] PackLoader:240 - Cannot read IP mode file for RealThread.X-CUBE-RT-Thread_Nano.4.1.1
2025-09-02 12:43:53,820 [WARN] PackLoader:240 - Cannot read IP mode file for STMicroelectronics.FP-ATR-SIGFOX1.3.2.0
2025-09-02 12:43:53,828 [WARN] PackLoader:240 - Cannot read IP mode file for ITTIA_DB.I-CUBE-ITTIADB.8.9.0
2025-09-02 12:43:53,837 [WARN] PackLoader:240 - Cannot read IP mode file for STMicroelectronics.X-CUBE-ST67W61.1.0.0
2025-09-02 12:43:53,843 [WARN] PackLoader:240 - Cannot read IP mode file for STMicroelectronics.X-CUBE-AI.10.2.0
2025-09-02 12:43:53,875 [WARN] PackLoader:240 - Cannot read IP mode file for SEGGER.I-CUBE-embOS.1.3.1
2025-09-02 12:43:53,921 [WARN] PackLoader:240 - Cannot read IP mode file for STMicroelectronics.X-CUBE-ALGOBUILD.1.4.0
2025-09-02 12:43:53,973 [WARN] PackLoader:240 - Cannot read IP mode file for STMicroelectronics.X-CUBE-MEMS1.11.3.0
2025-09-02 12:43:54,148 [WARN] PackLoader:240 - Cannot read IP mode file for STMicroelectronics.X-CUBE-PM33A1.1.0.0
2025-09-02 12:43:54,169 [WARN] PackLoader:240 - Cannot read IP mode file for STMicroelectronics.X-CUBE-AZRTOS-F4.1.1.0
2025-09-02 12:43:54,181 [WARN] PackLoader:240 - Cannot read IP mode file for Avnet-IotConnect.X-CUBE-IoTC-DA16k-PMOD.1.0.0
2025-09-02 12:43:54,189 [WARN] PackLoader:240 - Cannot read IP mode file for STMicroelectronics.X-CUBE-ISPU.2.1.0
2025-09-02 12:43:54,199 [WARN] PackLoader:240 - Cannot read IP mode file for STMicroelectronics.X-CUBE-NFC12.1.0.0
2025-09-02 12:43:54,217 [WARN] PackLoader:240 - Cannot read IP mode file for STMicroelectronics.X-CUBE-AZRTOS-L5.2.0.0
2025-09-02 12:43:54,227 [WARN] PackLoader:240 - Cannot read IP mode file for STMicroelectronics.X-CUBE-NFC6.3.1.0
2025-09-02 12:43:54,237 [WARN] PackLoader:240 - Cannot read IP mode file for STMicroelectronics.X-CUBE-FREERTOS.1.3.1
2025-09-02 12:43:54,271 [WARN] PackLoader:240 - Cannot read IP mode file for STMicroelectronics.FP-SNS-STAIOTCFT.1.0.0
2025-09-02 12:43:54,281 [WARN] PackLoader:240 - Cannot read IP mode file for STMicroelectronics.X-CUBE-DPower.1.3.0
2025-09-02 12:43:54,304 [WARN] ConditionMgr:438 - getConditionDescription Invalid condition id : LAN8742 Phy interface Condition cause : null
2025-09-02 12:43:54,305 [WARN] PackLoader:240 - Cannot read IP mode file for STMicroelectronics.X-CUBE-AZRTOS-L4.2.0.0
2025-09-02 12:43:54,308 [WARN] ConditionMgr:1044 - genDependencies : Invalid condition id : LAN8742 Phy interface Condition cause : null
2025-09-02 12:43:54,309 [WARN] ConditionMgr:1044 - genDependencies : Invalid condition id : LAN8742 Phy interface Condition cause : null
2025-09-02 12:43:54,310 [WARN] ConditionMgr:1044 - genDependencies : Invalid condition id : LAN8742 Phy interface Condition cause : null
2025-09-02 12:43:54,323 [WARN] PackLoader:240 - Cannot read IP mode file for STMicroelectronics.X-CUBE-SFXS2LP1.4.0.0
2025-09-02 12:43:54,336 [WARN] PackLoader:240 - Cannot read IP mode file for STMicroelectronics.X-CUBE-BLEMGR.4.1.0
2025-09-02 12:43:54,349 [WARN] ConditionMgr:438 - getConditionDescription Invalid condition id : UX DEVICE CLASS RTOS Condition cause : null
2025-09-02 12:43:54,349 [WARN] ConditionMgr:438 - getConditionDescription Invalid condition id : UX DEVICE CLASS RTOS Condition cause : null
2025-09-02 12:43:54,350 [WARN] PackLoader:240 - Cannot read IP mode file for STMicroelectronics.X-CUBE-AZRTOS-WB.2.0.0
2025-09-02 12:43:54,351 [WARN] ConditionMgr:1044 - genDependencies : Invalid condition id : UX DEVICE CLASS RTOS Condition cause : null
2025-09-02 12:43:54,351 [WARN] ConditionMgr:1044 - genDependencies : Invalid condition id : UX DEVICE CLASS RTOS Condition cause : null
2025-09-02 12:43:54,352 [WARN] ConditionMgr:1044 - genDependencies : Invalid condition id : UX DEVICE CLASS RTOS Condition cause : null
2025-09-02 12:43:54,352 [WARN] ConditionMgr:1044 - genDependencies : Invalid condition id : UX DEVICE CLASS RTOS Condition cause : null
2025-09-02 12:43:54,352 [WARN] ConditionMgr:1044 - genDependencies : Invalid condition id : UX DEVICE CLASS RTOS Condition cause : null
2025-09-02 12:43:54,362 [WARN] PackLoader:240 - Cannot read IP mode file for STMicroelectronics.X-CUBE-GNSS1.7.0.1
2025-09-02 12:43:54,374 [WARN] PackLoader:240 - Cannot read IP mode file for STMicroelectronics.X-CUBE-TOUCHGFX.4.25.0
2025-09-02 12:43:54,382 [WARN] ConditionMgr:438 - getConditionDescription Invalid condition id : Cortex-A Device cause : null
2025-09-02 12:43:54,412 [WARN] ConditionMgr:1044 - genDependencies : Invalid condition id : Cortex-A Device cause : null
2025-09-02 12:43:54,412 [WARN] ConditionMgr:1044 - genDependencies : Invalid condition id : Cortex-A Device cause : null
2025-09-02 12:43:54,412 [WARN] ConditionMgr:1044 - genDependencies : Invalid condition id : Cortex-A Device cause : null
2025-09-02 12:43:54,428 [WARN] PackLoader:240 - Cannot read IP mode file for STMicroelectronics.X-CUBE-SUBG2.5.0.0
2025-09-02 12:43:54,457 [WARN] PackLoader:240 - Cannot read IP mode file for STMicroelectronics.X-CUBE-AZRTOS-H7RS.1.1.0
2025-09-02 12:43:54,470 [WARN] PackLoader:240 - Cannot read IP mode file for Cesanta.I-CUBE-Mongoose.7.13.0
2025-09-02 12:43:54,487 [WARN] PackLoader:240 - Cannot read IP mode file for STMicroelectronics.X-CUBE-AZRTOS-G4.2.0.0
2025-09-02 12:43:54,498 [WARN] PackLoader:240 - Cannot read IP mode file for wolfSSL.I-CUBE-wolfSSH.1.4.20
2025-09-02 12:43:54,506 [WARN] PackLoader:240 - Cannot read IP mode file for STMicroelectronics.X-CUBE-NFC7.2.0.0
2025-09-02 12:43:54,523 [WARN] PackLoader:240 - Cannot read IP mode file for STMicroelectronics.X-CUBE-IPS.3.1.0
2025-09-02 12:43:54,533 [WARN] PackLoader:240 - Cannot read IP mode file for STMicroelectronics.X-CUBE-ALS.1.0.2
2025-09-02 12:43:54,541 [WARN] PackLoader:240 - Cannot read IP mode file for portGmbH.I-Cube-SoM-uGOAL.1.1.0
2025-09-02 12:43:54,553 [WARN] PackLoader:240 - Cannot read IP mode file for STMicroelectronics.X-CUBE-TOF1.3.4.3
2025-09-02 12:43:54,563 [INFO] ThirdParty:978 - Integrity check success = true
2025-09-02 12:43:54,564 [INFO] IntegrityCheckThread:100 - exiting critical section [integrity check]
2025-09-02 12:43:54,564 [INFO] IntegrityCheckThread:103 - End integrity checks thread
2025-09-02 13:00:11,091 [ERROR] ConfigurationRetriever:142 - IOException on connection: sw-center.st.com
2025-09-02 13:00:11,093 [ERROR] ConfigurationRetriever:142 - IOException on connection: sw-center.st.com
2025-09-02 13:00:11,094 [ERROR] ConfigurationRetriever:142 - IOException on connection: sw-center.st.com
2025-09-02 13:00:12,964 [ERROR] LogOutputStream:75 - [STDERR_REDIRECT] 
2025-09-02 13:17:18,105 [INFO] Activator:176 - 


2025-09-02 13:17:18,108 [INFO] Activator:177 - !SESSION log4j initialized
2025-09-02 13:17:27,206 [INFO] LogOutputStream:77 - [STDOUT_REDIRECT] 
2025-09-02 13:17:30,530 [INFO] ApplicationProperties:184 - Using Application install path: C:\ST\STM32CubeIDE_1.19.0\STM32CubeIDE\plugins\com.st.stm32cube.common.mx_6.15.0.202507011659
2025-09-02 13:17:30,557 [INFO] DbMcusXml:78 - Set database path to: C:\ST\STM32CubeIDE_1.19.0\STM32CubeIDE\plugins\com.st.stm32cube.common.mx_6.15.0.202507011659\\db\/mcu/
2025-09-02 13:17:30,558 [INFO] ApiDb:274 - Set plugin database path to: C:\ST\STM32CubeIDE_1.19.0\STM32CubeIDE\plugins\com.st.stm32cube.common.mx_6.15.0.202507011659\\db\/plugins/boardmanager/
2025-09-02 13:17:30,558 [WARN] ApiDb:259 - Overriding images path with different value:  => C:\ST\STM32CubeIDE_1.19.0\STM32CubeIDE\plugins\com.st.stm32cube.common.mx_6.15.0.202507011659\\db\/plugins/mcufinder/images/
2025-09-02 13:17:30,572 [INFO] ApiDb:250 - Set database path to: C:\Users\sgupt\.stmcufinder\plugins\mcufinder//mcu/
2025-09-02 13:17:30,574 [INFO] DbMcusAds:125 - Set database path to: C:\Users\sgupt\.stmcufinder\plugins\mcufinder//mcu/
2025-09-02 13:17:30,579 [INFO] CrossReferenceDbSqlite:203 - Set database path to: C:\Users\sgupt\.stmcufinder\plugins\mcufinder//mcu/cs/
2025-09-02 13:17:30,709 [INFO] RulesReader:64 - Compatibility file has been processed (317 Rules)
2025-09-02 13:17:30,843 [INFO] DbMcusXml:78 - Set database path to: C:\ST\STM32CubeIDE_1.19.0\STM32CubeIDE\plugins\com.st.stm32cube.common.mx_6.15.0.202507011659\\db\/mcu/
2025-09-02 13:17:30,843 [INFO] ApiDb:274 - Set plugin database path to: C:\ST\STM32CubeIDE_1.19.0\STM32CubeIDE\plugins\com.st.stm32cube.common.mx_6.15.0.202507011659\\db\/plugins/boardmanager/
2025-09-02 13:17:30,843 [INFO] ApiDb:261 - Set plugin images path to: C:\ST\STM32CubeIDE_1.19.0\STM32CubeIDE\plugins\com.st.stm32cube.common.mx_6.15.0.202507011659\\db\/plugins/mcufinder/images/
2025-09-02 13:17:30,843 [WARN] DbFile:41 - Overriding database path with different value: C:\Users\sgupt\.stmcufinder\plugins\mcufinder/ => C:\Users\sgupt\.stmcufinder\plugins\mcufinder
2025-09-02 13:17:30,844 [INFO] ApiDb:250 - Set database path to: C:\Users\sgupt\.stmcufinder\plugins\mcufinder//mcu/
2025-09-02 13:17:30,844 [WARN] DbFile:41 - Overriding database path with different value: C:\Users\sgupt\.stmcufinder\plugins\mcufinder/ => C:\Users\sgupt\.stmcufinder\plugins\mcufinder
2025-09-02 13:17:30,844 [INFO] DbMcusAds:125 - Set database path to: C:\Users\sgupt\.stmcufinder\plugins\mcufinder//mcu/
2025-09-02 13:17:30,844 [WARN] DbFile:41 - Overriding database path with different value: C:\Users\sgupt\.stmcufinder\plugins\mcufinder/ => C:\Users\sgupt\.stmcufinder\plugins\mcufinder
2025-09-02 13:17:30,844 [WARN] DbFile:41 - Overriding database path with different value: C:\Users\sgupt\.stmcufinder\plugins\mcufinder/ => C:\Users\sgupt\.stmcufinder\plugins\mcufinder
2025-09-02 13:17:30,844 [INFO] CrossReferenceDbSqlite:203 - Set database path to: C:\Users\sgupt\.stmcufinder\plugins\mcufinder//mcu/cs/
2025-09-02 13:17:30,950 [INFO] MainPanel:274 - HeapMemory: 268435456
2025-09-02 13:17:31,047 [INFO] DbMcusXml:78 - Set database path to: C:\ST\STM32CubeIDE_1.19.0\STM32CubeIDE\plugins\com.st.stm32cube.common.mx_6.15.0.202507011659\\db\/mcu/
2025-09-02 13:17:31,047 [INFO] ApiDb:274 - Set plugin database path to: C:\ST\STM32CubeIDE_1.19.0\STM32CubeIDE\plugins\com.st.stm32cube.common.mx_6.15.0.202507011659\\db\/plugins/boardmanager/
2025-09-02 13:17:31,048 [INFO] ApiDb:261 - Set plugin images path to: C:\ST\STM32CubeIDE_1.19.0\STM32CubeIDE\plugins\com.st.stm32cube.common.mx_6.15.0.202507011659\\db\/plugins/mcufinder/images/
2025-09-02 13:17:31,048 [WARN] DbFile:41 - Overriding database path with different value: C:\Users\sgupt\.stmcufinder\plugins\mcufinder/ => C:\Users\sgupt\.stmcufinder\plugins\mcufinder
2025-09-02 13:17:31,048 [INFO] ApiDb:250 - Set database path to: C:\Users\sgupt\.stmcufinder\plugins\mcufinder//mcu/
2025-09-02 13:17:31,049 [WARN] DbFile:41 - Overriding database path with different value: C:\Users\sgupt\.stmcufinder\plugins\mcufinder/ => C:\Users\sgupt\.stmcufinder\plugins\mcufinder
2025-09-02 13:17:31,049 [INFO] DbMcusAds:125 - Set database path to: C:\Users\sgupt\.stmcufinder\plugins\mcufinder//mcu/
2025-09-02 13:17:31,049 [WARN] DbFile:41 - Overriding database path with different value: C:\Users\sgupt\.stmcufinder\plugins\mcufinder/ => C:\Users\sgupt\.stmcufinder\plugins\mcufinder
2025-09-02 13:17:31,049 [WARN] DbFile:41 - Overriding database path with different value: C:\Users\sgupt\.stmcufinder\plugins\mcufinder/ => C:\Users\sgupt\.stmcufinder\plugins\mcufinder
2025-09-02 13:17:31,049 [INFO] CrossReferenceDbSqlite:203 - Set database path to: C:\Users\sgupt\.stmcufinder\plugins\mcufinder//mcu/cs/
2025-09-02 13:17:31,074 [INFO] ApplicationProperties:184 - Using Application install path: C:\ST\STM32CubeIDE_1.19.0\STM32CubeIDE\plugins\com.st.stm32cube.common.mx_6.15.0.202507011659
2025-09-02 13:17:31,075 [INFO] PluginManage:196 - Search for loadable plugins [exclusion list=, ]
2025-09-02 13:17:31,077 [INFO] PluginManage:310 - Check plugin analytics
2025-09-02 13:17:31,338 [INFO] AnalyticsPlugin:253 - Accepted Software Licenses: 
2025-09-02 13:17:31,338 [INFO] AnalyticsPlugin:255 - Accepted CMSIS Pack Licenses: 
2025-09-02 13:17:31,339 [INFO] AnalyticsPlugin:257 - Accepted Firmware Licenses: 
2025-09-02 13:17:31,345 [INFO] PluginManage:359 - Loaded plugin analytics (category:tool,tabindex:-1)
2025-09-02 13:17:31,346 [INFO] PluginManage:310 - Check plugin cadmodel
2025-09-02 13:17:31,357 [INFO] CADModel:105 - Init CAD model plugin
2025-09-02 13:17:31,357 [INFO] PluginManage:359 - Loaded plugin cadmodel (category:power,tabindex:5)
2025-09-02 13:17:31,358 [INFO] PluginManage:310 - Check plugin clock
2025-09-02 13:17:31,377 [INFO] PluginManage:359 - Loaded plugin clock (category:base,tabindex:2)
2025-09-02 13:17:31,378 [INFO] PluginManage:310 - Check plugin ddr
2025-09-02 13:17:31,382 [INFO] PluginManage:359 - Loaded plugin ddr (category:tool,tabindex:6)
2025-09-02 13:17:31,382 [INFO] PluginManage:310 - Check plugin filemanager
2025-09-02 13:17:31,614 [INFO] PluginManage:359 - Loaded plugin filemanager (category:base,tabindex:10)
2025-09-02 13:17:31,614 [INFO] PluginManage:310 - Check plugin ipmanager
2025-09-02 13:17:31,632 [INFO] PluginManage:359 - Loaded plugin ipmanager (category:base,tabindex:5)
2025-09-02 13:17:31,632 [INFO] PluginManage:310 - Check plugin lpbam
2025-09-02 13:17:31,646 [INFO] PluginManage:359 - Loaded plugin lpbam (category:base,tabindex:0)
2025-09-02 13:17:31,647 [INFO] PluginManage:310 - Check plugin memorymap
2025-09-02 13:17:31,668 [INFO] PluginManage:359 - Loaded plugin memorymap (category:base,tabindex:4)
2025-09-02 13:17:31,668 [INFO] PluginManage:310 - Check plugin pinoutandconfiguration
2025-09-02 13:17:31,683 [INFO] PluginManage:359 - Loaded plugin pinoutandconfiguration (category:base,tabindex:1)
2025-09-02 13:17:31,683 [INFO] PluginManage:310 - Check plugin pinoutconfig
2025-09-02 13:17:31,817 [WARN] SupportedApi:132 - Cannot load RTOS API schema: s4s-elt-must-match.1: The content of 'definitions' must match (annotation?, (simpleType | complexType)?, (unique | key | keyref)*)). A problem was found starting at: attribute.
2025-09-02 13:17:31,967 [INFO] PluginManage:359 - Loaded plugin pinoutconfig (category:base,tabindex:0)
2025-09-02 13:17:31,967 [INFO] PluginManage:310 - Check plugin power
2025-09-02 13:17:31,975 [INFO] PluginManage:359 - Loaded plugin power (category:power,tabindex:4)
2025-09-02 13:17:31,976 [INFO] PluginManage:310 - Check plugin projectmanager
2025-09-02 13:17:31,995 [INFO] PluginManage:359 - Loaded plugin projectmanager (category:projectmanager,tabindex:4)
2025-09-02 13:17:31,995 [INFO] PluginManage:310 - Check plugin rif
2025-09-02 13:17:32,005 [INFO] PluginManage:359 - Loaded plugin rif (category:base,tabindex:3)
2025-09-02 13:17:32,005 [INFO] PluginManage:310 - Check plugin thirdparty
2025-09-02 13:17:32,175 [INFO] PluginManage:359 - Loaded plugin thirdparty (category:base,tabindex:-1)
2025-09-02 13:17:32,175 [WARN] IntegrityCheckThread:84 - waiting for thirdparty lock release [integrity check]
2025-09-02 13:17:32,176 [INFO] IntegrityCheckThread:86 - entering critical section [integrity check]
2025-09-02 13:17:32,176 [INFO] PluginManage:310 - Check plugin tools
2025-09-02 13:17:32,177 [INFO] ThirdPartyUpdaterWithRetryManager:70 - Updater plugin not ready yet. [1/15]
2025-09-02 13:17:32,193 [INFO] PluginManage:359 - Loaded plugin tools (category:base,tabindex:7)
2025-09-02 13:17:32,194 [INFO] PluginManage:310 - Check plugin tutovideos
2025-09-02 13:17:32,439 [INFO] PluginManage:359 - Loaded plugin tutovideos (category:base,tabindex:-1)
2025-09-02 13:17:32,439 [INFO] PluginManage:310 - Check plugin updater
2025-09-02 13:17:32,463 [INFO] PluginManage:359 - Loaded plugin updater (category:base,tabindex:12)
2025-09-02 13:17:32,464 [INFO] PluginManage:310 - Check plugin userauth
2025-09-02 13:17:32,468 [INFO] UserAuth:118 - Init User Auth plugin
2025-09-02 13:17:32,470 [INFO] PluginManage:359 - Loaded plugin userauth (category:base,tabindex:14)
2025-09-02 13:17:32,471 [INFO] PluginManage:283 - PluginManage : Loaded plugins [18]
2025-09-02 13:17:32,785 [INFO] PinOutPanel:1589 - setPackage(No Configuration,No Configuration)
2025-09-02 13:17:32,927 [INFO] CADModel:165 - CPN selected for project level
2025-09-02 13:17:32,928 [INFO] CADModel:114 - Register for checkConnection events
2025-09-02 13:17:32,948 [INFO] IPUIPlugin:80 - create IPUIPlugin
2025-09-02 13:17:32,949 [INFO] PluginManager:220 - loadIPPluginJar : add adc
2025-09-02 13:17:32,953 [INFO] IPUIPlugin:80 - create IPUIPlugin
2025-09-02 13:17:32,953 [INFO] PluginManager:220 - loadIPPluginJar : add aes
2025-09-02 13:17:32,958 [INFO] IPUIPlugin:80 - create IPUIPlugin
2025-09-02 13:17:32,958 [INFO] PluginManager:220 - loadIPPluginJar : add can
2025-09-02 13:17:32,961 [INFO] IPUIPlugin:80 - create IPUIPlugin
2025-09-02 13:17:32,961 [INFO] PluginManager:220 - loadIPPluginJar : add comp
2025-09-02 13:17:32,966 [INFO] IPUIPlugin:80 - create IPUIPlugin
2025-09-02 13:17:32,966 [INFO] PluginManager:220 - loadIPPluginJar : add cryp
2025-09-02 13:17:32,970 [INFO] IPUIPlugin:80 - create IPUIPlugin
2025-09-02 13:17:32,970 [INFO] PluginManager:220 - loadIPPluginJar : add ddr_ctrl_phy
2025-09-02 13:17:32,974 [INFO] IPUIPlugin:80 - create IPUIPlugin
2025-09-02 13:17:32,975 [INFO] PluginManager:220 - loadIPPluginJar : add dfsdm
2025-09-02 13:17:32,983 [INFO] IPUIPlugin:80 - create IPUIPlugin
2025-09-02 13:17:32,984 [INFO] PluginManager:220 - loadIPPluginJar : add dma
2025-09-02 13:17:32,988 [INFO] IPUIPlugin:80 - create IPUIPlugin
2025-09-02 13:17:32,988 [INFO] PluginManager:220 - loadIPPluginJar : add dma3
2025-09-02 13:17:32,993 [INFO] IPUIPlugin:80 - create IPUIPlugin
2025-09-02 13:17:32,993 [INFO] PluginManager:220 - loadIPPluginJar : add extmemmanager
2025-09-02 13:17:32,996 [INFO] IPUIPlugin:80 - create IPUIPlugin
2025-09-02 13:17:32,997 [INFO] PluginManager:220 - loadIPPluginJar : add fatfs
2025-09-02 13:17:33,003 [INFO] IPUIPlugin:80 - create IPUIPlugin
2025-09-02 13:17:33,004 [INFO] PluginManager:220 - loadIPPluginJar : add fmc
2025-09-02 13:17:33,012 [INFO] IPUIPlugin:80 - create IPUIPlugin
2025-09-02 13:17:33,012 [INFO] PluginManager:220 - loadIPPluginJar : add freertos
2025-09-02 13:17:33,015 [INFO] IPUIPlugin:80 - create IPUIPlugin
2025-09-02 13:17:33,015 [INFO] PluginManager:220 - loadIPPluginJar : add genericplugin
2025-09-02 13:17:33,019 [INFO] IPUIPlugin:80 - create IPUIPlugin
2025-09-02 13:17:33,019 [INFO] PluginManager:220 - loadIPPluginJar : add gfxmmu
2025-09-02 13:17:33,027 [INFO] IPUIPlugin:80 - create IPUIPlugin
2025-09-02 13:17:33,027 [INFO] PluginManager:220 - loadIPPluginJar : add gic
2025-09-02 13:17:33,034 [INFO] IPUIPlugin:80 - create IPUIPlugin
2025-09-02 13:17:33,034 [INFO] PluginManager:220 - loadIPPluginJar : add gpio
2025-09-02 13:17:33,038 [INFO] IPUIPlugin:80 - create IPUIPlugin
2025-09-02 13:17:33,039 [INFO] PluginManager:220 - loadIPPluginJar : add gtzc
2025-09-02 13:17:33,042 [INFO] IPUIPlugin:80 - create IPUIPlugin
2025-09-02 13:17:33,042 [INFO] PluginManager:220 - loadIPPluginJar : add hash
2025-09-02 13:17:33,047 [INFO] IPUIPlugin:80 - create IPUIPlugin
2025-09-02 13:17:33,048 [INFO] PluginManager:220 - loadIPPluginJar : add i2c
2025-09-02 13:17:33,052 [INFO] IPUIPlugin:80 - create IPUIPlugin
2025-09-02 13:17:33,053 [INFO] PluginManager:220 - loadIPPluginJar : add i2s
2025-09-02 13:17:33,057 [INFO] IPUIPlugin:80 - create IPUIPlugin
2025-09-02 13:17:33,057 [INFO] PluginManager:220 - loadIPPluginJar : add i3c
2025-09-02 13:17:33,063 [INFO] IPUIPlugin:80 - create IPUIPlugin
2025-09-02 13:17:33,064 [INFO] PluginManager:220 - loadIPPluginJar : add ipddr
2025-09-02 13:17:33,073 [INFO] IPUIPlugin:80 - create IPUIPlugin
2025-09-02 13:17:33,074 [INFO] PluginManager:220 - loadIPPluginJar : add linkedlist
2025-09-02 13:17:33,080 [INFO] IPUIPlugin:80 - create IPUIPlugin
2025-09-02 13:17:33,080 [INFO] PluginManager:220 - loadIPPluginJar : add lorawan
2025-09-02 13:17:33,083 [INFO] IPUIPlugin:80 - create IPUIPlugin
2025-09-02 13:17:33,083 [INFO] PluginManager:220 - loadIPPluginJar : add ltdc
2025-09-02 13:17:33,092 [INFO] IPUIPlugin:80 - create IPUIPlugin
2025-09-02 13:17:33,093 [INFO] PluginManager:220 - loadIPPluginJar : add mdma
2025-09-02 13:17:33,098 [INFO] IPUIPlugin:80 - create IPUIPlugin
2025-09-02 13:17:33,098 [INFO] PluginManager:220 - loadIPPluginJar : add nvic
2025-09-02 13:17:33,103 [INFO] IPUIPlugin:80 - create IPUIPlugin
2025-09-02 13:17:33,104 [INFO] PluginManager:220 - loadIPPluginJar : add opamp
2025-09-02 13:17:33,109 [INFO] IPUIPlugin:80 - create IPUIPlugin
2025-09-02 13:17:33,110 [INFO] PluginManager:220 - loadIPPluginJar : add openamp
2025-09-02 13:17:33,115 [INFO] IPUIPlugin:80 - create IPUIPlugin
2025-09-02 13:17:33,115 [INFO] PluginManager:220 - loadIPPluginJar : add pdm2pcm
2025-09-02 13:17:33,124 [INFO] IPUIPlugin:80 - create IPUIPlugin
2025-09-02 13:17:33,128 [INFO] PluginManager:220 - loadIPPluginJar : add plateformsettings
2025-09-02 13:17:33,130 [INFO] IPUIPlugin:80 - create IPUIPlugin
2025-09-02 13:17:33,131 [INFO] PluginManager:220 - loadIPPluginJar : add quadspi
2025-09-02 13:17:33,134 [INFO] IPUIPlugin:80 - create IPUIPlugin
2025-09-02 13:17:33,135 [INFO] PluginManager:220 - loadIPPluginJar : add radio
2025-09-02 13:17:33,141 [INFO] IPUIPlugin:80 - create IPUIPlugin
2025-09-02 13:17:33,141 [INFO] PluginManager:220 - loadIPPluginJar : add resmgrutility
2025-09-02 13:17:33,145 [INFO] IPUIPlugin:80 - create IPUIPlugin
2025-09-02 13:17:33,146 [INFO] PluginManager:220 - loadIPPluginJar : add sai
2025-09-02 13:17:33,150 [INFO] IPUIPlugin:80 - create IPUIPlugin
2025-09-02 13:17:33,150 [INFO] PluginManager:220 - loadIPPluginJar : add spi
2025-09-02 13:17:33,159 [INFO] IPUIPlugin:80 - create IPUIPlugin
2025-09-02 13:17:33,159 [INFO] PluginManager:220 - loadIPPluginJar : add stm32_wpan
2025-09-02 13:17:33,161 [INFO] IPUIPlugin:80 - create IPUIPlugin
2025-09-02 13:17:33,162 [INFO] PluginManager:220 - loadIPPluginJar : add tim
2025-09-02 13:17:33,167 [INFO] IPUIPlugin:80 - create IPUIPlugin
2025-09-02 13:17:33,167 [INFO] PluginManager:220 - loadIPPluginJar : add touchsensing
2025-09-02 13:17:33,170 [INFO] IPUIPlugin:80 - create IPUIPlugin
2025-09-02 13:17:33,170 [INFO] PluginManager:220 - loadIPPluginJar : add tracer_emb
2025-09-02 13:17:33,173 [INFO] IPUIPlugin:80 - create IPUIPlugin
2025-09-02 13:17:33,173 [INFO] PluginManager:220 - loadIPPluginJar : add ts
2025-09-02 13:17:33,176 [INFO] IPUIPlugin:80 - create IPUIPlugin
2025-09-02 13:17:33,176 [INFO] PluginManager:220 - loadIPPluginJar : add tsc
2025-09-02 13:17:33,179 [INFO] IPUIPlugin:80 - create IPUIPlugin
2025-09-02 13:17:33,179 [INFO] PluginManager:220 - loadIPPluginJar : add ucpd
2025-09-02 13:17:33,184 [INFO] IPUIPlugin:80 - create IPUIPlugin
2025-09-02 13:17:33,184 [INFO] PluginManager:220 - loadIPPluginJar : add usart
2025-09-02 13:17:33,190 [INFO] IPUIPlugin:80 - create IPUIPlugin
2025-09-02 13:17:33,190 [INFO] PluginManager:220 - loadIPPluginJar : add usbx
2025-09-02 13:17:33,355 [FATAL] Updater:351 - Updater called before beeing initialized
2025-09-02 13:17:33,383 [INFO] RulesReader:64 - Compatibility file has been processed (317 Rules)
2025-09-02 13:17:33,397 [INFO] RulesReader:64 - Compatibility file has been processed (317 Rules)
2025-09-02 13:17:33,412 [INFO] CADModel:165 - CPN selected for project level
2025-09-02 13:17:33,412 [INFO] CADModel:114 - Register for checkConnection events
2025-09-02 13:17:33,413 [FATAL] Updater:351 - Updater called before beeing initialized
2025-09-02 13:17:33,413 [ERROR] CADModel:125 - Updater not yet initialized, retry later 
2025-09-02 13:17:33,601 [FATAL] Updater:351 - Updater called before beeing initialized
2025-09-02 13:17:33,603 [INFO] CADModel:165 - CPN selected for project level
2025-09-02 13:17:33,604 [INFO] CADModel:114 - Register for checkConnection events
2025-09-02 13:17:33,604 [FATAL] Updater:351 - Updater called before beeing initialized
2025-09-02 13:17:33,604 [ERROR] CADModel:125 - Updater not yet initialized, retry later 
2025-09-02 13:17:33,608 [FATAL] Updater:351 - Updater called before beeing initialized
2025-09-02 13:17:33,821 [FATAL] Updater:351 - Updater called before beeing initialized
2025-09-02 13:17:33,825 [INFO] DbMcusAds:53 - JSON generation date=Tue Jul 08 13:44:23 IST 2025 (1751962463582)
2025-09-02 13:17:33,825 [FATAL] Updater:351 - Updater called before beeing initialized
2025-09-02 13:17:33,867 [WARN] DetailPanel:346 - Failed to get advertising image, set to default
2025-09-02 13:17:33,990 [FATAL] Updater:351 - Updater called before beeing initialized
2025-09-02 13:17:33,992 [FATAL] Updater:351 - Updater called before beeing initialized
2025-09-02 13:17:33,992 [FATAL] Updater:351 - Updater called before beeing initialized
2025-09-02 13:17:33,993 [WARN] DetailPanel:346 - Failed to get advertising image, set to default
2025-09-02 13:17:33,994 [FATAL] Updater:351 - Updater called before beeing initialized
2025-09-02 13:17:34,045 [ERROR] Updater:1198 - MainUpdater not yet initialized. External WinMGr cannot be set.
2025-09-02 13:17:34,047 [INFO] Updater:1134 - Updater Version found : 6.15.0
2025-09-02 13:17:34,061 [INFO] ApplicationProperties:184 - Using Application install path: C:\ST\STM32CubeIDE_1.19.0\STM32CubeIDE\plugins\com.st.stm32cube.common.mx_6.15.0.202507011659
2025-09-02 13:17:34,705 [ERROR] ConfigurationRetriever:142 - IOException on connection: Read timed out
2025-09-02 13:17:35,178 [INFO] ThirdPartyUpdaterWithRetryManager:70 - Updater plugin not ready yet. [2/15]
2025-09-02 13:17:35,637 [ERROR] LogOutputStream:75 - [STDERR_REDIRECT] Sep 02, 2025 1:17:35 PM java.util.prefs.WindowsPreferences <init>
2025-09-02 13:17:35,638 [ERROR] LogOutputStream:75 - [STDERR_REDIRECT] WARNING: Could not open/create prefs root node Software\JavaSoft\Prefs at root 0xffffffff80000002. Windows RegCreateKeyEx(...) returned error code 5.
2025-09-02 13:17:35,639 [ERROR] LogOutputStream:75 - [STDERR_REDIRECT] 
2025-09-02 13:17:36,713 [ERROR] ConfigurationRetriever:142 - IOException on connection: Connect timed out
2025-09-02 13:17:38,179 [FATAL] Updater:351 - Updater called before beeing initialized
2025-09-02 13:17:38,179 [ERROR] IntegrityCheckThread:130 - Cannot retrieve database content from updater: error 21
2025-09-02 13:17:38,180 [INFO] ThirdParty:978 - Integrity check success = false
2025-09-02 13:17:38,180 [INFO] IntegrityCheckThread:100 - exiting critical section [integrity check]
2025-09-02 13:17:38,180 [INFO] IntegrityCheckThread:103 - End integrity checks thread
2025-09-02 13:17:38,720 [ERROR] ConfigurationRetriever:142 - IOException on connection: Connect timed out
2025-09-02 13:17:39,998 [WARN] CheckConnectionManager:291 - Warning during Server Connection :  timeout Connect to sw-center.st.com:443 [sw-center.st.com/49.44.136.208, sw-center.st.com/49.44.136.177] failed: Connect timed out
2025-09-02 13:17:41,162 [ERROR] ConfigurationRetriever:142 - IOException on connection: Read timed out
2025-09-02 13:17:44,019 [WARN] CheckConnectionManager:291 - Warning during Server Connection :  timeout Connect to sw-center.st.com:443 [sw-center.st.com/49.44.136.208, sw-center.st.com/49.44.136.177] failed: Connect timed out
2025-09-02 13:17:44,033 [INFO] MainUpdater:2872 - connection check result : 22
2025-09-02 13:17:44,035 [INFO] MainUpdater:289 - Updater Check For Update Now.
2025-09-02 13:17:44,036 [INFO] MicroXplorer:498 - Change Database Version : DB.6.0.150
2025-09-02 13:17:44,046 [INFO] McuFinderGlobals:63 - Set McuFinder mode to 2 (CubeIDE integrated)
2025-09-02 13:17:44,048 [INFO] UserAuth:487 - Internet connection configuration mode: 2
2025-09-02 13:17:44,057 [INFO] UserAuth:487 - Internet connection configuration mode: 2
2025-09-02 13:17:44,348 [INFO] CheckServerUpdateThread:120 - End of CheckServer Thread
2025-09-02 13:17:46,172 [ERROR] ConfigurationRetriever:142 - IOException on connection: Connect timed out
2025-09-02 13:17:51,179 [ERROR] ConfigurationRetriever:142 - IOException on connection: Connect timed out
2025-09-02 13:36:38,277 [ERROR] ConfigurationRetriever:142 - IOException on connection: Read timed out
2025-09-02 13:36:40,292 [ERROR] ConfigurationRetriever:142 - IOException on connection: Connect timed out
2025-09-02 13:36:44,058 [ERROR] ConfigurationRetriever:142 - IOException on connection: Read timed out
2025-09-02 13:36:46,193 [ERROR] ConfigurationRetriever:142 - IOException on connection: Connect timed out
2025-09-02 13:36:48,204 [ERROR] ConfigurationRetriever:142 - IOException on connection: Connect timed out
2025-09-02 13:36:50,219 [ERROR] ConfigurationRetriever:142 - IOException on connection: Connect timed out
2025-09-02 14:09:17,000 [ERROR] LogOutputStream:75 - [STDERR_REDIRECT] 
